<?xml version="1.0" encoding="UTF-8"?>
<!-- Generated by org.testng.reporters.JUnitReportReporter -->
<testsuite hostname="DESKTOP-03DBQVL" name="com.OnlineTravel.Yatra_Auomation_01" tests="1" failures="0" timestamp="15 Sep 2019 16:16:17 GMT" time="21.145" errors="0">
  <testcase name="Flight_Count" time="21.145" classname="com.OnlineTravel.Yatra_Auomation_01"/>
</testsuite> <!-- com.OnlineTravel.Yatra_Auomation_01 -->
